2026.05.13 11:25:41 WARN  Using H2 2.4.240 which is newer than the version Flyway has been verified with. The latest verified version of H2 is 2.3.232.
2026.05.13 11:25:41 INFO  no build target found for C:\Users\Dell\Documents\CIT_TEST\demo\git_test\src\main\java\com\example\App.java. Using fallback presentation compiler.
2026.05.13 11:25:42 WARN  no build tool detected in workspace 'C:\Users\Dell\Documents\CIT_TEST'. The most common cause for this problem is that the editor was opened in the wrong working directory, for example if you use sbt then the workspace directory should contain build.sbt. 
2026.05.13 11:25:42 WARN  Build server is not auto-connectable.
2026.05.13 11:25:42 WARN  no build target for: C:\Users\Dell\Documents\CIT_TEST\demo\git_test\src\main\java\com\example\App.java
2026.05.13 11:25:42 INFO  no build target found for C:\Users\Dell\Documents\CIT_TEST\demo\git_test\src\main\java\com\example\App.java. Using fallback presentation compiler.
2026.05.13 11:25:45 INFO  time: code lens generation in 2.44s
2026.05.13 11:25:45 INFO  no build target found for C:\Users\Dell\Documents\CIT_TEST\demo\git_test\src\main\java\com\example\App.java. Using fallback presentation compiler.
2026.05.13 11:25:45 INFO  no build target found for C:\Users\Dell\Documents\CIT_TEST\demo\git_test\src\main\java\com\example\App.java. Using fallback presentation compiler.
2026.05.13 11:25:45 INFO  no build target found for C:\Users\Dell\Documents\CIT_TEST\demo\git_test\src\main\java\com\example\App.java. Using fallback presentation compiler.
2026.05.13 11:25:45 INFO  no build target found for C:\Users\Dell\Documents\CIT_TEST\demo\git_test\src\main\java\com\example\App.java. Using fallback presentation compiler.
May 13, 2026 11:25:45 AM org.eclipse.lsp4j.jsonrpc.RemoteEndpoint handleCancellation
WARNING: Unmatched cancel notification for request id 9
May 13, 2026 11:25:45 AM org.eclipse.lsp4j.jsonrpc.RemoteEndpoint handleCancellation
WARNING: Unmatched cancel notification for request id 10
May 13, 2026 11:25:45 AM org.eclipse.lsp4j.jsonrpc.RemoteEndpoint handleCancellation
WARNING: Unmatched cancel notification for request id 11
2026.05.13 11:25:46 INFO  no build target found for C:\Users\Dell\Documents\CIT_TEST\demo\git_test\src\main\java\com\example\App.java. Using fallback presentation compiler.
2026.05.13 11:25:48 INFO  no build target found for C:\Users\Dell\Documents\CIT_TEST\demo\git_test\src\main\java\com\example\App.java. Using fallback presentation compiler.
2026.05.13 11:25:56 INFO  no build target found for C:\Users\Dell\Documents\CIT_TEST\demo\git_test\src\main\java\com\example\App.java. Using fallback presentation compiler.
2026.05.13 11:25:57 INFO  no build target found for C:\Users\Dell\Documents\CIT_TEST\demo\git_test\src\main\java\com\example\App.java. Using fallback presentation compiler.
2026.05.13 11:25:58 INFO  no build target found for C:\Users\Dell\Documents\CIT_TEST\demo\git_test\src\main\java\com\example\App.java. Using fallback presentation compiler.
2026.05.13 11:25:58 WARN  no build target for: C:\Users\Dell\Documents\CIT_TEST\demo\git_test\src\test\java\com\example\AppTest.java
2026.05.13 11:25:58 INFO  no build target found for C:\Users\Dell\Documents\CIT_TEST\demo\git_test\src\test\java\com\example\AppTest.java. Using fallback presentation compiler.
May 13, 2026 11:25:58 AM org.eclipse.lsp4j.jsonrpc.RemoteEndpoint handleCancellation
WARNING: Unmatched cancel notification for request id 19
2026.05.13 11:25:58 INFO  no build target found for C:\Users\Dell\Documents\CIT_TEST\demo\git_test\src\test\java\com\example\AppTest.java. Using fallback presentation compiler.
2026.05.13 11:25:58 INFO  no build target found for C:\Users\Dell\Documents\CIT_TEST\demo\git_test\src\test\java\com\example\AppTest.java. Using fallback presentation compiler.
2026.05.13 11:25:58 INFO  no build target found for C:\Users\Dell\Documents\CIT_TEST\demo\git_test\src\test\java\com\example\AppTest.java. Using fallback presentation compiler.
2026.05.13 11:26:16 INFO  no build target found for C:\Users\Dell\Documents\CIT_TEST\demo\git_test\src\test\java\com\example\AppTest.java. Using fallback presentation compiler.
2026.05.13 11:26:33 INFO  no build target found for C:\Users\Dell\Documents\CIT_TEST\demo\git_test\src\test\java\com\example\AppTest.java. Using fallback presentation compiler.
2026.05.13 11:27:53 INFO  no build target found for C:\Users\Dell\Documents\CIT_TEST\demo\git_test\src\test\java\com\example\AppTest.java. Using fallback presentation compiler.
2026.05.13 11:27:53 WARN  no build target for: C:\Users\Dell\Documents\CIT_TEST\demo\git_test\src\test\java\com\example\AppTest.java
2026.05.13 11:27:53 INFO  no build target found for C:\Users\Dell\Documents\CIT_TEST\demo\git_test\src\test\java\com\example\AppTest.java. Using fallback presentation compiler.
2026.05.13 11:27:54 INFO  no build target found for C:\Users\Dell\Documents\CIT_TEST\demo\git_test\src\test\java\com\example\AppTest.java. Using fallback presentation compiler.
2026.05.13 11:27:59 WARN  no build target for: C:\Users\Dell\Documents\CIT_TEST\demo\git_test\src\main\java\com\example\App.java
2026.05.13 11:27:59 INFO  no build target found for C:\Users\Dell\Documents\CIT_TEST\demo\git_test\src\main\java\com\example\App.java. Using fallback presentation compiler.
2026.05.13 11:28:00 INFO  no build target found for C:\Users\Dell\Documents\CIT_TEST\demo\git_test\src\main\java\com\example\App.java. Using fallback presentation compiler.
2026.05.13 11:27:59 INFO  no build target found for C:\Users\Dell\Documents\CIT_TEST\demo\git_test\src\main\java\com\example\App.java. Using fallback presentation compiler.
2026.05.13 11:28:00 INFO  no build target found for C:\Users\Dell\Documents\CIT_TEST\demo\git_test\src\main\java\com\example\App.java. Using fallback presentation compiler.
2026.05.13 11:28:29 INFO  no build target found for C:\Users\Dell\Documents\CIT_TEST\demo\git_test\src\test\java\com\example\AppTest.java. Using fallback presentation compiler.
2026.05.13 11:28:29 WARN  no build target for: C:\Users\Dell\Documents\CIT_TEST\demo\git_test\src\test\java\com\example\AppTest.java
2026.05.13 11:28:29 INFO  no build target found for C:\Users\Dell\Documents\CIT_TEST\demo\git_test\src\test\java\com\example\AppTest.java. Using fallback presentation compiler.
2026.05.13 11:28:29 INFO  no build target found for C:\Users\Dell\Documents\CIT_TEST\demo\git_test\src\test\java\com\example\AppTest.java. Using fallback presentation compiler.
2026.05.13 11:28:35 INFO  no build target found for C:\Users\Dell\Documents\CIT_TEST\demo\git_test\src\test\java\com\example\AppTest.java. Using fallback presentation compiler.
2026.05.13 11:28:36 WARN  no build target for: C:\Users\Dell\Documents\CIT_TEST\demo\git_test\src\test\java\com\example\AppTest.java
2026.05.13 11:28:35 INFO  no build target found for C:\Users\Dell\Documents\CIT_TEST\demo\git_test\src\test\java\com\example\AppTest.java. Using fallback presentation compiler.
2026.05.13 11:28:36 INFO  no build target found for C:\Users\Dell\Documents\CIT_TEST\demo\git_test\src\test\java\com\example\AppTest.java. Using fallback presentation compiler.
2026.05.13 11:29:26 INFO  Shutting down server
2026.05.13 11:29:26 INFO  Memory monitor stopped
2026.05.13 11:29:26 INFO  shutting down Metals
2026.05.13 11:29:26 INFO  Exiting server
2026.05.13 18:11:37 INFO  Started: Metals version 1.6.7 in folders 'C:\Users\Dell\Documents\CIT_TEST' for client Visual Studio Code 1.119.1.
2026.05.13 18:11:37 INFO  Memory monitor started
2026.05.13 18:11:38 WARN  Using H2 2.4.240 which is newer than the version Flyway has been verified with. The latest verified version of H2 is 2.3.232.
2026.05.13 18:11:38 INFO  no build target found for C:\Users\Dell\Documents\CIT_TEST\demo\git_test\src\test\java\com\example\AppTest.java. Using fallback presentation compiler.
2026.05.13 18:11:39 WARN  no build tool detected in workspace 'C:\Users\Dell\Documents\CIT_TEST'. The most common cause for this problem is that the editor was opened in the wrong working directory, for example if you use sbt then the workspace directory should contain build.sbt. 
2026.05.13 18:11:39 WARN  Build server is not auto-connectable.
2026.05.13 18:11:39 WARN  no build target for: C:\Users\Dell\Documents\CIT_TEST\demo\git_test\src\test\java\com\example\AppTest.java
2026.05.13 18:11:39 INFO  no build target found for C:\Users\Dell\Documents\CIT_TEST\demo\git_test\src\test\java\com\example\AppTest.java. Using fallback presentation compiler.
2026.05.13 18:11:40 INFO  time: code lens generation in 1.5s
2026.05.13 18:11:41 INFO  no build target found for C:\Users\Dell\Documents\CIT_TEST\demo\git_test\src\test\java\com\example\AppTest.java. Using fallback presentation compiler.
2026.05.13 18:11:41 INFO  no build target found for C:\Users\Dell\Documents\CIT_TEST\demo\git_test\src\test\java\com\example\AppTest.java. Using fallback presentation compiler.
May 13, 2026 6:11:41 PM org.eclipse.lsp4j.jsonrpc.RemoteEndpoint handleCancellation
WARNING: Unmatched cancel notification for request id 8
May 13, 2026 6:11:41 PM org.eclipse.lsp4j.jsonrpc.RemoteEndpoint handleCancellation
WARNING: Unmatched cancel notification for request id 9
2026.05.13 18:11:41 INFO  no build target found for C:\Users\Dell\Documents\CIT_TEST\demo\git_test\src\test\java\com\example\AppTest.java. Using fallback presentation compiler.
2026.05.13 18:11:41 INFO  no build target found for C:\Users\Dell\Documents\CIT_TEST\demo\git_test\src\test\java\com\example\AppTest.java. Using fallback presentation compiler.
May 13, 2026 6:11:42 PM org.eclipse.lsp4j.jsonrpc.RemoteEndpoint handleCancellation
WARNING: Unmatched cancel notification for request id 10
2026.05.13 18:11:41 INFO  no build target found for C:\Users\Dell\Documents\CIT_TEST\demo\git_test\src\test\java\com\example\AppTest.java. Using fallback presentation compiler.
2026.05.13 18:11:42 INFO  no build target found for C:\Users\Dell\Documents\CIT_TEST\demo\git_test\src\test\java\com\example\AppTest.java. Using fallback presentation compiler.
2026.05.13 18:11:43 INFO  no build target found for C:\Users\Dell\Documents\CIT_TEST\demo\git_test\src\test\java\com\example\AppTest.java. Using fallback presentation compiler.
2026.05.13 18:12:31 WARN  no build target for: C:\Users\Dell\Documents\CIT_TEST\demo\git_test\src\main\java\com\example\App.java
2026.05.13 18:12:31 INFO  no build target found for C:\Users\Dell\Documents\CIT_TEST\demo\git_test\src\main\java\com\example\App.java. Using fallback presentation compiler.
2026.05.13 18:12:31 INFO  no build target found for C:\Users\Dell\Documents\CIT_TEST\demo\git_test\src\main\java\com\example\App.java. Using fallback presentation compiler.
2026.05.13 18:12:31 INFO  no build target found for C:\Users\Dell\Documents\CIT_TEST\demo\git_test\src\main\java\com\example\App.java. Using fallback presentation compiler.
2026.05.13 18:12:32 INFO  no build target found for C:\Users\Dell\Documents\CIT_TEST\demo\git_test\src\main\java\com\example\App.java. Using fallback presentation compiler.
2026.05.13 18:13:16 INFO  no build target found for C:\Users\Dell\Documents\CIT_TEST\demo\git_test\src\main\java\com\example\App.java. Using fallback presentation compiler.
2026.05.13 18:15:35 INFO  no build target found for C:\Users\Dell\Documents\CIT_TEST\demo\git_test\src\main\java\com\example\App.java. Using fallback presentation compiler.
2026.05.13 18:16:14 INFO  no build target found for C:\Users\Dell\Documents\CIT_TEST\demo\git_test\src\main\java\com\example\App.java. Using fallback presentation compiler.
2026.05.13 18:16:14 INFO  no build target found for C:\Users\Dell\Documents\CIT_TEST\demo\git_test\src\main\java\com\example\App.java. Using fallback presentation compiler.
2026.05.13 18:16:59 INFO  no build target found for C:\Users\Dell\Documents\CIT_TEST\demo\git_test\src\main\java\com\example\App.java. Using fallback presentation compiler.
2026.05.13 18:19:31 INFO  no build target found for C:\Users\Dell\Documents\CIT_TEST\demo\git_test\src\main\java\com\example\App.java. Using fallback presentation compiler.
2026.05.13 18:22:24 INFO  no build target found for C:\Users\Dell\Documents\CIT_TEST\demo\git_test\src\test\java\com\example\AppTest.java. Using fallback presentation compiler.
2026.05.13 18:22:24 WARN  no build target for: C:\Users\Dell\Documents\CIT_TEST\demo\git_test\src\test\java\com\example\AppTest.java
2026.05.13 18:22:24 INFO  no build target found for C:\Users\Dell\Documents\CIT_TEST\demo\git_test\src\test\java\com\example\AppTest.java. Using fallback presentation compiler.
2026.05.13 18:22:24 INFO  no build target found for C:\Users\Dell\Documents\CIT_TEST\demo\git_test\src\test\java\com\example\AppTest.java. Using fallback presentation compiler.
2026.05.13 18:22:28 INFO  no build target found for C:\Users\Dell\Documents\CIT_TEST\demo\git_test\src\test\java\com\example\AppTest.java. Using fallback presentation compiler.
2026.05.13 18:22:48 WARN  no build target for: C:\Users\Dell\Documents\CIT_TEST\demo\git_test\src\main\java\com\example\App.java
2026.05.13 18:22:48 INFO  no build target found for C:\Users\Dell\Documents\CIT_TEST\demo\git_test\src\main\java\com\example\App.java. Using fallback presentation compiler.
2026.05.13 18:22:48 INFO  no build target found for C:\Users\Dell\Documents\CIT_TEST\demo\git_test\src\main\java\com\example\App.java. Using fallback presentation compiler.
2026.05.13 18:22:48 INFO  no build target found for C:\Users\Dell\Documents\CIT_TEST\demo\git_test\src\main\java\com\example\App.java. Using fallback presentation compiler.
2026.05.13 18:25:35 WARN  Using H2 2.4.240 which is newer than the version Flyway has been verified with. The latest verified version of H2 is 2.3.232.
2026.05.13 18:25:36 WARN  no build target for: C:\Users\Dell\Desktop\objlab12\Home.java
2026.05.13 18:25:36 WARN  no build target for: C:\Users\Dell\Desktop\objlab12\PetFactory.java
2026.05.13 18:25:36 WARN  no build target for: C:\Users\Dell\Desktop\objlab12\Dog.java
2026.05.13 18:25:36 WARN  no build target for: C:\Users\Dell\Desktop\objlab12\Cat.java
2026.05.13 18:25:36 WARN  no build target for: C:\Users\Dell\Desktop\objlab12\GraduateStudent.java
2026.05.13 18:25:36 WARN  no build target for: C:\Users\Dell\Desktop\objlab12\Book.java
2026.05.13 18:25:36 WARN  no build target for: C:\Users\Dell\Desktop\objlab12\Pet.java
2026.05.13 18:25:36 WARN  no build target for: C:\Users\Dell\Desktop\objlab12\School.java
2026.05.13 18:25:35 INFO  no build target found for C:\Users\Dell\Desktop\objlab12\School.java. Using fallback presentation compiler.
May 13, 2026 6:25:36 PM org.eclipse.lsp4j.jsonrpc.RemoteEndpoint handleCancellation
WARNING: Unmatched cancel notification for request id 60
May 13, 2026 6:25:36 PM org.eclipse.lsp4j.jsonrpc.RemoteEndpoint handleCancellation
WARNING: Unmatched cancel notification for request id 61
2026.05.13 18:25:35 INFO  no build target found for C:\Users\Dell\Desktop\objlab12\School.java. Using fallback presentation compiler.
2026.05.13 18:25:36 WARN  no build target for: C:\Users\Dell\Desktop\objlab12\Bird.java
2026.05.13 18:25:35 INFO  no build target found for C:\Users\Dell\Desktop\objlab12\SimpleFactory.java. Using fallback presentation compiler.
2026.05.13 18:25:36 WARN  no build target for: C:\Users\Dell\Desktop\objlab12\SimpleFactory.java
2026.05.13 18:25:36 WARN  no build target for: C:\Users\Dell\Desktop\objlab12\UndergraduateStudent.java
2026.05.13 18:25:36 WARN  no build target for: C:\Users\Dell\Desktop\objlab12\Student.java
May 13, 2026 6:25:36 PM org.eclipse.lsp4j.jsonrpc.RemoteEndpoint handleCancellation
WARNING: Unmatched cancel notification for request id 65
2026.05.13 18:25:35 INFO  no build target found for C:\Users\Dell\Desktop\objlab12\SimpleFactory.java. Using fallback presentation compiler.
2026.05.13 18:25:37 INFO  no build target found for C:\Users\Dell\Desktop\objlab12\SimpleFactory.java. Using fallback presentation compiler.
2026.05.13 18:25:38 INFO  time: code lens generation in 1.37s
2026.05.13 18:25:41 INFO  no build target found for C:\Users\Dell\Desktop\objlab12\School.java. Using fallback presentation compiler.
2026.05.13 18:25:41 WARN  no build target for: C:\Users\Dell\Desktop\objlab12\School.java
2026.05.13 18:25:41 INFO  no build target found for C:\Users\Dell\Desktop\objlab12\School.java. Using fallback presentation compiler.
2026.05.13 18:25:41 INFO  no build target found for C:\Users\Dell\Desktop\objlab12\School.java. Using fallback presentation compiler.
2026.05.13 18:25:41 INFO  no build target found for C:\Users\Dell\Desktop\objlab12\School.java. Using fallback presentation compiler.
2026.05.13 18:25:43 INFO  no build target found for C:\Users\Dell\Desktop\objlab12\UndergraduateStudent.java. Using fallback presentation compiler.
2026.05.13 18:25:43 WARN  no build target for: C:\Users\Dell\Desktop\objlab12\UndergraduateStudent.java
2026.05.13 18:25:43 INFO  no build target found for C:\Users\Dell\Desktop\objlab12\UndergraduateStudent.java. Using fallback presentation compiler.
2026.05.13 18:25:43 INFO  no build target found for C:\Users\Dell\Desktop\objlab12\UndergraduateStudent.java. Using fallback presentation compiler.
2026.05.13 18:25:44 INFO  no build target found for C:\Users\Dell\Desktop\objlab12\Student.java. Using fallback presentation compiler.
2026.05.13 18:25:44 WARN  no build target for: C:\Users\Dell\Desktop\objlab12\Student.java
May 13, 2026 6:25:44 PM org.eclipse.lsp4j.jsonrpc.RemoteEndpoint handleCancellation
WARNING: Unmatched cancel notification for request id 93
2026.05.13 18:25:44 INFO  no build target found for C:\Users\Dell\Desktop\objlab12\Student.java. Using fallback presentation compiler.
2026.05.13 18:25:44 INFO  no build target found for C:\Users\Dell\Desktop\objlab12\Student.java. Using fallback presentation compiler.
2026.05.13 18:26:06 INFO  no build target found for C:\Users\Dell\Documents\CIT_TEST\demo\git_test\src\main\java\com\example\App.java. Using fallback presentation compiler.
2026.05.13 18:26:30 INFO  no build target found for C:\Users\Dell\Desktop\objlab12\Bird.java. Using fallback presentation compiler.
2026.05.13 18:26:30 WARN  no build target for: C:\Users\Dell\Desktop\objlab12\Bird.java
2026.05.13 18:26:30 INFO  no build target found for C:\Users\Dell\Desktop\objlab12\Bird.java. Using fallback presentation compiler.
2026.05.13 18:26:30 INFO  no build target found for C:\Users\Dell\Desktop\objlab12\Bird.java. Using fallback presentation compiler.
2026.05.13 18:26:31 INFO  no build target found for C:\Users\Dell\Desktop\objlab12\Student.java. Using fallback presentation compiler.
2026.05.13 18:26:31 WARN  no build target for: C:\Users\Dell\Desktop\objlab12\Student.java
2026.05.13 18:26:31 INFO  no build target found for C:\Users\Dell\Desktop\objlab12\Student.java. Using fallback presentation compiler.
2026.05.13 18:26:31 INFO  no build target found for C:\Users\Dell\Desktop\objlab12\Student.java. Using fallback presentation compiler.
2026.05.13 18:26:32 INFO  no build target found for C:\Users\Dell\Desktop\objlab12\UndergraduateStudent.java. Using fallback presentation compiler.
2026.05.13 18:26:32 WARN  no build target for: C:\Users\Dell\Desktop\objlab12\UndergraduateStudent.java
2026.05.13 18:26:32 INFO  no build target found for C:\Users\Dell\Desktop\objlab12\UndergraduateStudent.java. Using fallback presentation compiler.
2026.05.13 18:26:32 INFO  no build target found for C:\Users\Dell\Desktop\objlab12\UndergraduateStudent.java. Using fallback presentation compiler.
2026.05.13 18:26:33 INFO  no build target found for C:\Users\Dell\Desktop\objlab12\School.java. Using fallback presentation compiler.
2026.05.13 18:26:33 WARN  no build target for: C:\Users\Dell\Desktop\objlab12\School.java
2026.05.13 18:26:33 INFO  no build target found for C:\Users\Dell\Desktop\objlab12\School.java. Using fallback presentation compiler.
2026.05.13 18:26:33 INFO  no build target found for C:\Users\Dell\Desktop\objlab12\School.java. Using fallback presentation compiler.
2026.05.13 18:26:33 INFO  no build target found for C:\Users\Dell\Desktop\objlab12\Pet.java. Using fallback presentation compiler.
2026.05.13 18:26:34 WARN  no build target for: C:\Users\Dell\Desktop\objlab12\Pet.java
2026.05.13 18:26:34 INFO  no build target found for C:\Users\Dell\Desktop\objlab12\Pet.java. Using fallback presentation compiler.
2026.05.13 18:26:34 INFO  no build target found for C:\Users\Dell\Desktop\objlab12\Pet.java. Using fallback presentation compiler.
2026.05.13 18:26:36 INFO  no build target found for C:\Users\Dell\Desktop\objlab12\Bird.java. Using fallback presentation compiler.
2026.05.13 18:26:36 WARN  no build target for: C:\Users\Dell\Desktop\objlab12\Bird.java
2026.05.13 18:26:36 INFO  no build target found for C:\Users\Dell\Desktop\objlab12\Bird.java. Using fallback presentation compiler.
2026.05.13 18:26:36 INFO  no build target found for C:\Users\Dell\Desktop\objlab12\Bird.java. Using fallback presentation compiler.
2026.05.13 18:26:37 INFO  no build target found for C:\Users\Dell\Desktop\objlab12\SimpleFactory.java. Using fallback presentation compiler.
2026.05.13 18:26:37 WARN  no build target for: C:\Users\Dell\Desktop\objlab12\SimpleFactory.java
2026.05.13 18:26:37 INFO  no build target found for C:\Users\Dell\Desktop\objlab12\SimpleFactory.java. Using fallback presentation compiler.
2026.05.13 18:26:37 INFO  no build target found for C:\Users\Dell\Desktop\objlab12\SimpleFactory.java. Using fallback presentation compiler.
2026.05.13 18:26:41 INFO  no build target found for C:\Users\Dell\Desktop\objlab12\SimpleFactory.java. Using fallback presentation compiler.
2026.05.13 18:26:41 WARN  no build target for: C:\Users\Dell\Desktop\objlab12\SimpleFactory.java
2026.05.13 18:26:41 INFO  no build target found for C:\Users\Dell\Desktop\objlab12\SimpleFactory.java. Using fallback presentation compiler.
2026.05.13 18:26:41 INFO  no build target found for C:\Users\Dell\Desktop\objlab12\SimpleFactory.java. Using fallback presentation compiler.
2026.05.13 18:27:02 INFO  no build target found for C:\Users\Dell\Documents\CIT_TEST\demo\git_test\src\test\java\com\example\AppTest.java. Using fallback presentation compiler.
2026.05.13 18:27:02 WARN  no build target for: C:\Users\Dell\Documents\CIT_TEST\demo\git_test\src\test\java\com\example\AppTest.java
2026.05.13 18:27:02 INFO  no build target found for C:\Users\Dell\Documents\CIT_TEST\demo\git_test\src\test\java\com\example\AppTest.java. Using fallback presentation compiler.
2026.05.13 18:27:02 INFO  no build target found for C:\Users\Dell\Documents\CIT_TEST\demo\git_test\src\test\java\com\example\AppTest.java. Using fallback presentation compiler.
2026.05.13 18:27:48 INFO  no build target found for c:\Users\Dell\Desktop\objlab12\Home.java. Using fallback presentation compiler.
2026.05.13 18:27:48 WARN  no build target for: c:\Users\Dell\Desktop\objlab12\Home.java
2026.05.13 18:27:48 INFO  no build target found for c:\Users\Dell\Desktop\objlab12\Home.java. Using fallback presentation compiler.
2026.05.13 18:28:16 INFO  no build target found for c:\Users\Dell\Desktop\objlab12\Home.java. Using fallback presentation compiler.
2026.05.13 18:28:16 INFO  no build target found for c:\Users\Dell\Desktop\objlab12\Home.java. Using fallback presentation compiler.
2026.05.13 18:28:27 INFO  no build target found for c:\Users\Dell\Desktop\objlab12\Home.java. Using fallback presentation compiler.
2026.05.13 18:28:43 INFO  no build target found for c:\Users\Dell\Desktop\objlab12\PetFactory.java. Using fallback presentation compiler.
2026.05.13 18:28:43 WARN  no build target for: c:\Users\Dell\Desktop\objlab12\PetFactory.java
2026.05.13 18:28:43 INFO  no build target found for c:\Users\Dell\Desktop\objlab12\PetFactory.java. Using fallback presentation compiler.
2026.05.13 18:28:45 INFO  no build target found for c:\Users\Dell\Desktop\objlab12\Home.java. Using fallback presentation compiler.
2026.05.13 18:28:45 WARN  no build target for: c:\Users\Dell\Desktop\objlab12\Home.java
2026.05.13 18:28:45 INFO  no build target found for c:\Users\Dell\Desktop\objlab12\Home.java. Using fallback presentation compiler.
2026.05.13 18:28:46 INFO  no build target found for c:\Users\Dell\Desktop\objlab12\Home.java. Using fallback presentation compiler.
2026.05.13 18:28:46 INFO  no build target found for c:\Users\Dell\Desktop\objlab12\PetFactory.java. Using fallback presentation compiler.
2026.05.13 18:28:46 WARN  no build target for: c:\Users\Dell\Desktop\objlab12\PetFactory.java
2026.05.13 18:28:46 INFO  no build target found for c:\Users\Dell\Desktop\objlab12\PetFactory.java. Using fallback presentation compiler.
2026.05.13 18:28:46 INFO  no build target found for c:\Users\Dell\Desktop\objlab12\PetFactory.java. Using fallback presentation compiler.
2026.05.13 18:28:46 INFO  no build target found for C:\Users\Dell\Documents\CIT_TEST\demo\git_test\src\test\java\com\example\AppTest.java. Using fallback presentation compiler.
2026.05.13 18:28:46 WARN  no build target for: C:\Users\Dell\Documents\CIT_TEST\demo\git_test\src\test\java\com\example\AppTest.java
2026.05.13 18:28:47 INFO  no build target found for C:\Users\Dell\Documents\CIT_TEST\demo\git_test\src\test\java\com\example\AppTest.java. Using fallback presentation compiler.
2026.05.13 18:28:46 INFO  no build target found for C:\Users\Dell\Documents\CIT_TEST\demo\git_test\src\test\java\com\example\AppTest.java. Using fallback presentation compiler.
2026.05.13 18:28:48 INFO  no build target found for c:\Users\Dell\Desktop\objlab12\Cat.java. Using fallback presentation compiler.
2026.05.13 18:28:48 WARN  no build target for: c:\Users\Dell\Desktop\objlab12\Cat.java
2026.05.13 18:28:48 INFO  no build target found for c:\Users\Dell\Desktop\objlab12\Cat.java. Using fallback presentation compiler.
2026.05.13 18:28:48 INFO  no build target found for c:\Users\Dell\Desktop\objlab12\Cat.java. Using fallback presentation compiler.
2026.05.13 18:28:49 INFO  no build target found for c:\Users\Dell\Desktop\objlab12\Dog.java. Using fallback presentation compiler.
2026.05.13 18:28:49 INFO  no build target found for c:\Users\Dell\Desktop\objlab12\Cat.java. Using fallback presentation compiler.
2026.05.13 18:28:49 INFO  no build target found for C:\Users\Dell\Documents\CIT_TEST\demo\git_test\src\test\java\com\example\AppTest.java. Using fallback presentation compiler.
2026.05.13 18:28:50 WARN  no build target for: C:\Users\Dell\Documents\CIT_TEST\demo\git_test\src\test\java\com\example\AppTest.java
2026.05.13 18:28:50 INFO  no build target found for C:\Users\Dell\Documents\CIT_TEST\demo\git_test\src\test\java\com\example\AppTest.java. Using fallback presentation compiler.
2026.05.13 18:28:50 INFO  no build target found for C:\Users\Dell\Documents\CIT_TEST\demo\git_test\src\test\java\com\example\AppTest.java. Using fallback presentation compiler.
2026.05.13 18:28:50 INFO  no build target found for c:\Users\Dell\Desktop\objlab12\Book.java. Using fallback presentation compiler.
2026.05.13 18:28:50 INFO  no build target found for c:\Users\Dell\Desktop\objlab12\GraduateStudent.java. Using fallback presentation compiler.
2026.05.13 18:28:51 WARN  no build target for: c:\Users\Dell\Desktop\objlab12\GraduateStudent.java
2026.05.13 18:28:50 INFO  no build target found for c:\Users\Dell\Desktop\objlab12\GraduateStudent.java. Using fallback presentation compiler.
2026.05.13 18:28:52 INFO  no build target found for c:\Users\Dell\Desktop\objlab12\GraduateStudent.java. Using fallback presentation compiler.
2026.05.13 18:28:52 INFO  no build target found for c:\Users\Dell\Desktop\objlab12\GraduateStudent.java. Using fallback presentation compiler.
2026.05.13 18:28:52 INFO  no build target found for C:\Users\Dell\Documents\CIT_TEST\demo\git_test\src\test\java\com\example\AppTest.java. Using fallback presentation compiler.
2026.05.13 18:28:52 WARN  no build target for: C:\Users\Dell\Documents\CIT_TEST\demo\git_test\src\test\java\com\example\AppTest.java
2026.05.13 18:28:53 INFO  no build target found for C:\Users\Dell\Documents\CIT_TEST\demo\git_test\src\test\java\com\example\AppTest.java. Using fallback presentation compiler.
2026.05.13 18:28:52 INFO  no build target found for C:\Users\Dell\Documents\CIT_TEST\demo\git_test\src\test\java\com\example\AppTest.java. Using fallback presentation compiler.
2026.05.13 18:28:54 INFO  no build target found for c:\Users\Dell\Desktop\objlab12\Pet.java. Using fallback presentation compiler.
2026.05.13 18:28:55 INFO  no build target found for c:\Users\Dell\Desktop\objlab12\School.java. Using fallback presentation compiler.
2026.05.13 18:28:56 INFO  no build target found for c:\Users\Dell\Desktop\objlab12\UndergraduateStudent.java. Using fallback presentation compiler.
2026.05.13 18:28:58 INFO  no build target found for c:\Users\Dell\Desktop\objlab12\Student.java. Using fallback presentation compiler.
2026.05.13 18:28:59 INFO  no build target found for c:\Users\Dell\Desktop\objlab12\Bird.java. Using fallback presentation compiler.
2026.05.13 18:29:00 INFO  no build target found for c:\Users\Dell\Desktop\objlab12\SimpleFactory.java. Using fallback presentation compiler.
2026.05.13 18:29:06 WARN  no build target for: C:\Users\Dell\Documents\CIT_TEST\demo12\Home.java
2026.05.13 18:29:06 INFO  no build target found for C:\Users\Dell\Documents\CIT_TEST\demo12\Home.java. Using fallback presentation compiler.
2026.05.13 18:29:06 INFO  no build target found for C:\Users\Dell\Documents\CIT_TEST\demo12\Home.java. Using fallback presentation compiler.
2026.05.13 18:29:06 INFO  no build target found for C:\Users\Dell\Documents\CIT_TEST\demo12\Home.java. Using fallback presentation compiler.
2026.05.13 18:29:06 INFO  no build target found for C:\Users\Dell\Documents\CIT_TEST\demo12\Home.java. Using fallback presentation compiler.
2026.05.13 18:29:06 INFO  no build target found for C:\Users\Dell\Documents\CIT_TEST\demo12\Home.java. Using fallback presentation compiler.
2026.05.13 18:29:09 INFO  no build target found for C:\Users\Dell\Documents\CIT_TEST\demo12\Home.java. Using fallback presentation compiler.
2026.05.13 18:29:10 INFO  no build target found for C:\Users\Dell\Documents\CIT_TEST\demo12\Home.java. Using fallback presentation compiler.
2026.05.13 18:29:10 INFO  no build target found for C:\Users\Dell\Documents\CIT_TEST\demo12\Home.java. Using fallback presentation compiler.
2026.05.13 18:29:11 INFO  no build target found for C:\Users\Dell\Documents\CIT_TEST\demo12\Home.java. Using fallback presentation compiler.
2026.05.13 18:29:11 WARN  no build target for: C:\Users\Dell\Documents\CIT_TEST\demo12\GraduateStudent.java
2026.05.13 18:29:11 INFO  no build target found for C:\Users\Dell\Documents\CIT_TEST\demo12\GraduateStudent.java. Using fallback presentation compiler.
2026.05.13 18:29:11 INFO  no build target found for C:\Users\Dell\Documents\CIT_TEST\demo12\GraduateStudent.java. Using fallback presentation compiler.
2026.05.13 18:29:11 INFO  no build target found for C:\Users\Dell\Documents\CIT_TEST\demo12\GraduateStudent.java. Using fallback presentation compiler.
2026.05.13 18:29:12 INFO  no build target found for C:\Users\Dell\Documents\CIT_TEST\demo12\GraduateStudent.java. Using fallback presentation compiler.
2026.05.13 18:29:11 INFO  no build target found for C:\Users\Dell\Documents\CIT_TEST\demo12\GraduateStudent.java. Using fallback presentation compiler.
2026.05.13 18:29:14 INFO  no build target found for C:\Users\Dell\Documents\CIT_TEST\demo12\GraduateStudent.java. Using fallback presentation compiler.
2026.05.13 18:29:14 INFO  no build target found for C:\Users\Dell\Documents\CIT_TEST\demo12\Dog.java. Using fallback presentation compiler.
2026.05.13 18:29:14 WARN  no build target for: C:\Users\Dell\Documents\CIT_TEST\demo12\Dog.java
2026.05.13 18:29:14 INFO  no build target found for C:\Users\Dell\Documents\CIT_TEST\demo12\Dog.java. Using fallback presentation compiler.
2026.05.13 18:29:14 INFO  no build target found for C:\Users\Dell\Documents\CIT_TEST\demo12\Dog.java. Using fallback presentation compiler.
2026.05.13 18:29:15 INFO  no build target found for C:\Users\Dell\Documents\CIT_TEST\demo12\Dog.java. Using fallback presentation compiler.
2026.05.13 18:29:14 INFO  no build target found for C:\Users\Dell\Documents\CIT_TEST\demo12\Dog.java. Using fallback presentation compiler.
2026.05.13 18:29:17 INFO  no build target found for C:\Users\Dell\Documents\CIT_TEST\demo12\Dog.java. Using fallback presentation compiler.
2026.05.13 18:29:17 INFO  no build target found for C:\Users\Dell\Documents\CIT_TEST\demo12\Cat.java. Using fallback presentation compiler.
2026.05.13 18:29:17 WARN  no build target for: C:\Users\Dell\Documents\CIT_TEST\demo12\Cat.java
2026.05.13 18:29:17 INFO  no build target found for C:\Users\Dell\Documents\CIT_TEST\demo12\Cat.java. Using fallback presentation compiler.
2026.05.13 18:29:17 INFO  no build target found for C:\Users\Dell\Documents\CIT_TEST\demo12\Cat.java. Using fallback presentation compiler.
2026.05.13 18:29:17 INFO  no build target found for C:\Users\Dell\Documents\CIT_TEST\demo12\Cat.java. Using fallback presentation compiler.
2026.05.13 18:29:17 INFO  no build target found for C:\Users\Dell\Documents\CIT_TEST\demo12\Cat.java. Using fallback presentation compiler.
2026.05.13 18:29:19 INFO  no build target found for C:\Users\Dell\Documents\CIT_TEST\demo12\Cat.java. Using fallback presentation compiler.
2026.05.13 18:29:19 WARN  no build target for: C:\Users\Dell\Documents\CIT_TEST\demo12\Book.java
2026.05.13 18:29:19 INFO  no build target found for C:\Users\Dell\Documents\CIT_TEST\demo12\Book.java. Using fallback presentation compiler.
2026.05.13 18:29:19 INFO  no build target found for C:\Users\Dell\Documents\CIT_TEST\demo12\Book.java. Using fallback presentation compiler.
2026.05.13 18:29:19 INFO  no build target found for C:\Users\Dell\Documents\CIT_TEST\demo12\Book.java. Using fallback presentation compiler.
2026.05.13 18:29:19 INFO  no build target found for C:\Users\Dell\Documents\CIT_TEST\demo12\Book.java. Using fallback presentation compiler.
2026.05.13 18:29:19 INFO  no build target found for C:\Users\Dell\Documents\CIT_TEST\demo12\Book.java. Using fallback presentation compiler.
2026.05.13 18:29:21 INFO  no build target found for C:\Users\Dell\Documents\CIT_TEST\demo12\Book.java. Using fallback presentation compiler.
2026.05.13 18:29:21 WARN  no build target for: C:\Users\Dell\Documents\CIT_TEST\demo12\Bird.java
2026.05.13 18:29:21 INFO  no build target found for C:\Users\Dell\Documents\CIT_TEST\demo12\Bird.java. Using fallback presentation compiler.
2026.05.13 18:29:21 INFO  no build target found for C:\Users\Dell\Documents\CIT_TEST\demo12\Bird.java. Using fallback presentation compiler.
2026.05.13 18:29:21 INFO  no build target found for C:\Users\Dell\Documents\CIT_TEST\demo12\Bird.java. Using fallback presentation compiler.
2026.05.13 18:29:22 INFO  no build target found for C:\Users\Dell\Documents\CIT_TEST\demo12\Bird.java. Using fallback presentation compiler.
2026.05.13 18:29:21 INFO  no build target found for C:\Users\Dell\Documents\CIT_TEST\demo12\Bird.java. Using fallback presentation compiler.
2026.05.13 18:29:31 INFO  no build target found for C:\Users\Dell\Documents\CIT_TEST\demo12\Bird.java. Using fallback presentation compiler.
2026.05.13 18:29:31 INFO  no build target found for C:\Users\Dell\Documents\CIT_TEST\demo12\UndergraduateStudent.java. Using fallback presentation compiler.
2026.05.13 18:29:31 WARN  no build target for: C:\Users\Dell\Documents\CIT_TEST\demo12\UndergraduateStudent.java
2026.05.13 18:29:31 INFO  no build target found for C:\Users\Dell\Documents\CIT_TEST\demo12\UndergraduateStudent.java. Using fallback presentation compiler.
2026.05.13 18:29:31 INFO  no build target found for C:\Users\Dell\Documents\CIT_TEST\demo12\UndergraduateStudent.java. Using fallback presentation compiler.
2026.05.13 18:29:31 INFO  no build target found for C:\Users\Dell\Documents\CIT_TEST\demo12\UndergraduateStudent.java. Using fallback presentation compiler.
2026.05.13 18:29:31 INFO  no build target found for C:\Users\Dell\Documents\CIT_TEST\demo12\UndergraduateStudent.java. Using fallback presentation compiler.
2026.05.13 18:29:31 INFO  no build target found for C:\Users\Dell\Documents\CIT_TEST\demo12\UndergraduateStudent.java. Using fallback presentation compiler.
2026.05.13 18:29:32 WARN  no build target for: C:\Users\Dell\Documents\CIT_TEST\demo12\SimpleFactory.java
2026.05.13 18:29:31 INFO  no build target found for C:\Users\Dell\Documents\CIT_TEST\demo12\SimpleFactory.java. Using fallback presentation compiler.
2026.05.13 18:29:32 INFO  no build target found for C:\Users\Dell\Documents\CIT_TEST\demo12\SimpleFactory.java. Using fallback presentation compiler.
2026.05.13 18:29:31 INFO  no build target found for C:\Users\Dell\Documents\CIT_TEST\demo12\SimpleFactory.java. Using fallback presentation compiler.
2026.05.13 18:29:32 INFO  no build target found for C:\Users\Dell\Documents\CIT_TEST\demo12\SimpleFactory.java. Using fallback presentation compiler.
2026.05.13 18:29:33 INFO  no build target found for C:\Users\Dell\Documents\CIT_TEST\demo12\SimpleFactory.java. Using fallback presentation compiler.
2026.05.13 18:29:35 INFO  no build target found for C:\Users\Dell\Documents\CIT_TEST\demo12\SimpleFactory.java. Using fallback presentation compiler.
2026.05.13 18:29:35 WARN  no build target for: C:\Users\Dell\Documents\CIT_TEST\demo12\School.java
2026.05.13 18:29:35 INFO  no build target found for C:\Users\Dell\Documents\CIT_TEST\demo12\School.java. Using fallback presentation compiler.
2026.05.13 18:29:35 INFO  no build target found for C:\Users\Dell\Documents\CIT_TEST\demo12\School.java. Using fallback presentation compiler.
2026.05.13 18:29:35 INFO  no build target found for C:\Users\Dell\Documents\CIT_TEST\demo12\School.java. Using fallback presentation compiler.
2026.05.13 18:29:36 INFO  no build target found for C:\Users\Dell\Documents\CIT_TEST\demo12\School.java. Using fallback presentation compiler.
2026.05.13 18:29:35 INFO  no build target found for C:\Users\Dell\Documents\CIT_TEST\demo12\School.java. Using fallback presentation compiler.
2026.05.13 18:29:35 INFO  no build target found for C:\Users\Dell\Documents\CIT_TEST\demo12\School.java. Using fallback presentation compiler.
2026.05.13 18:29:36 WARN  no build target for: C:\Users\Dell\Documents\CIT_TEST\demo12\PetFactory.java
2026.05.13 18:29:35 INFO  no build target found for C:\Users\Dell\Documents\CIT_TEST\demo12\PetFactory.java. Using fallback presentation compiler.
2026.05.13 18:29:36 INFO  no build target found for C:\Users\Dell\Documents\CIT_TEST\demo12\PetFactory.java. Using fallback presentation compiler.
2026.05.13 18:29:35 INFO  no build target found for C:\Users\Dell\Documents\CIT_TEST\demo12\PetFactory.java. Using fallback presentation compiler.
2026.05.13 18:29:36 INFO  no build target found for C:\Users\Dell\Documents\CIT_TEST\demo12\PetFactory.java. Using fallback presentation compiler.
2026.05.13 18:29:37 INFO  no build target found for C:\Users\Dell\Documents\CIT_TEST\demo12\PetFactory.java. Using fallback presentation compiler.
2026.05.13 18:29:39 INFO  no build target found for C:\Users\Dell\Documents\CIT_TEST\demo12\PetFactory.java. Using fallback presentation compiler.
2026.05.13 18:29:39 WARN  no build target for: C:\Users\Dell\Documents\CIT_TEST\demo12\Pet.java
2026.05.13 18:29:39 INFO  no build target found for C:\Users\Dell\Documents\CIT_TEST\demo12\Pet.java. Using fallback presentation compiler.
2026.05.13 18:29:39 INFO  no build target found for C:\Users\Dell\Documents\CIT_TEST\demo12\Pet.java. Using fallback presentation compiler.
2026.05.13 18:29:39 INFO  no build target found for C:\Users\Dell\Documents\CIT_TEST\demo12\Pet.java. Using fallback presentation compiler.
2026.05.13 18:29:39 INFO  no build target found for C:\Users\Dell\Documents\CIT_TEST\demo12\Pet.java. Using fallback presentation compiler.
2026.05.13 18:29:39 INFO  no build target found for C:\Users\Dell\Documents\CIT_TEST\demo12\Pet.java. Using fallback presentation compiler.
2026.05.13 18:29:40 INFO  no build target found for C:\Users\Dell\Documents\CIT_TEST\demo12\Pet.java. Using fallback presentation compiler.
2026.05.13 18:29:40 WARN  no build target for: C:\Users\Dell\Documents\CIT_TEST\demo12\PetFactory.java
2026.05.13 18:29:40 INFO  no build target found for C:\Users\Dell\Documents\CIT_TEST\demo12\PetFactory.java. Using fallback presentation compiler.
2026.05.13 18:29:40 INFO  no build target found for C:\Users\Dell\Documents\CIT_TEST\demo12\PetFactory.java. Using fallback presentation compiler.
2026.05.13 18:29:40 INFO  no build target found for C:\Users\Dell\Documents\CIT_TEST\demo12\PetFactory.java. Using fallback presentation compiler.
2026.05.13 18:29:40 INFO  no build target found for C:\Users\Dell\Documents\CIT_TEST\demo12\PetFactory.java. Using fallback presentation compiler.
2026.05.13 18:29:40 INFO  no build target found for C:\Users\Dell\Documents\CIT_TEST\demo12\PetFactory.java. Using fallback presentation compiler.
2026.05.13 18:29:42 INFO  no build target found for C:\Users\Dell\Documents\CIT_TEST\demo12\PetFactory.java. Using fallback presentation compiler.
2026.05.13 18:29:42 WARN  no build target for: C:\Users\Dell\Documents\CIT_TEST\demo12\School.java
2026.05.13 18:29:42 INFO  no build target found for C:\Users\Dell\Documents\CIT_TEST\demo12\School.java. Using fallback presentation compiler.
2026.05.13 18:29:42 INFO  no build target found for C:\Users\Dell\Documents\CIT_TEST\demo12\School.java. Using fallback presentation compiler.
2026.05.13 18:29:42 INFO  no build target found for C:\Users\Dell\Documents\CIT_TEST\demo12\School.java. Using fallback presentation compiler.
2026.05.13 18:29:42 INFO  no build target found for C:\Users\Dell\Documents\CIT_TEST\demo12\School.java. Using fallback presentation compiler.
2026.05.13 18:29:42 INFO  no build target found for C:\Users\Dell\Documents\CIT_TEST\demo12\School.java. Using fallback presentation compiler.
2026.05.13 18:29:43 INFO  no build target found for C:\Users\Dell\Documents\CIT_TEST\demo12\School.java. Using fallback presentation compiler.
2026.05.13 18:29:48 INFO  no build target found for C:\Users\Dell\Documents\CIT_TEST\demo12\School.java. Using fallback presentation compiler.
May 13, 2026 6:30:53 PM org.eclipse.lsp4j.jsonrpc.services.GenericEndpoint notify
INFO: Unsupported notification method: $/setTrace
2026.05.13 18:34:28 INFO  no build target found for C:\Users\Dell\Documents\CIT_TEST\demo12\School.java. Using fallback presentation compiler.
2026.05.13 18:35:27 INFO  no build target found for C:\Users\Dell\Documents\CIT_TEST\demo\git_test\src\test\java\com\example\AppTest.java. Using fallback presentation compiler.
2026.05.13 18:35:30 INFO  no build target found for C:\Users\Dell\Documents\CIT_TEST\demo12\School.java. Using fallback presentation compiler.
2026.05.13 18:35:32 INFO  no build target found for C:\Users\Dell\Documents\CIT_TEST\demo12\School.java. Using fallback presentation compiler.
2026.05.13 18:35:32 INFO  no build target found for C:\Users\Dell\Documents\CIT_TEST\demo12\Book.java. Using fallback presentation compiler.
2026.05.13 18:35:32 WARN  no build target for: C:\Users\Dell\Documents\CIT_TEST\demo12\Book.java
2026.05.13 18:35:32 INFO  no build target found for C:\Users\Dell\Documents\CIT_TEST\demo12\Book.java. Using fallback presentation compiler.
2026.05.13 18:35:32 INFO  no build target found for C:\Users\Dell\Documents\CIT_TEST\demo12\Book.java. Using fallback presentation compiler.
2026.05.13 18:35:33 INFO  no build target found for C:\Users\Dell\Documents\CIT_TEST\demo12\Book.java. Using fallback presentation compiler.
2026.05.13 18:35:32 INFO  no build target found for C:\Users\Dell\Documents\CIT_TEST\demo12\Book.java. Using fallback presentation compiler.
2026.05.13 18:35:44 INFO  no build target found for C:\Users\Dell\Documents\CIT_TEST\demo12\Book.java. Using fallback presentation compiler.
2026.05.13 18:36:23 INFO  Shutting down server
2026.05.13 18:36:23 INFO  Memory monitor stopped
2026.05.13 18:36:23 INFO  shutting down Metals
2026.05.13 18:36:23 INFO  Exiting server
2026.05.13 22:39:36 INFO  Started: Metals version 1.6.7 in folders 'C:\Users\Dell\Documents\CIT_TEST' for client Visual Studio Code 1.119.1.
2026.05.13 22:39:36 INFO  Memory monitor started
2026.05.13 22:39:37 WARN  Using H2 2.4.240 which is newer than the version Flyway has been verified with. The latest verified version of H2 is 2.3.232.
2026.05.13 22:39:37 INFO  no build target found for C:\Users\Dell\Documents\CIT_TEST\demo12\Book.java. Using fallback presentation compiler.
2026.05.13 22:39:38 WARN  no build tool detected in workspace 'C:\Users\Dell\Documents\CIT_TEST'. The most common cause for this problem is that the editor was opened in the wrong working directory, for example if you use sbt then the workspace directory should contain build.sbt. 
2026.05.13 22:39:39 WARN  Build server is not auto-connectable.
2026.05.13 22:39:39 WARN  no build target for: C:\Users\Dell\Documents\CIT_TEST\demo12\Book.java
2026.05.13 22:39:39 INFO  no build target found for C:\Users\Dell\Documents\CIT_TEST\demo12\Book.java. Using fallback presentation compiler.
2026.05.13 22:39:39 INFO  no build target found for C:\Users\Dell\Documents\CIT_TEST\demo12\Book.java. Using fallback presentation compiler.
2026.05.13 22:39:41 INFO  no build target found for C:\Users\Dell\Documents\CIT_TEST\demo12\Bird.java. Using fallback presentation compiler.
2026.05.13 22:39:41 WARN  no build target for: C:\Users\Dell\Documents\CIT_TEST\demo12\Bird.java
2026.05.13 22:39:41 INFO  no build target found for C:\Users\Dell\Documents\CIT_TEST\demo12\Bird.java. Using fallback presentation compiler.
May 13, 2026 10:39:41 PM org.eclipse.lsp4j.jsonrpc.RemoteEndpoint handleCancellation
WARNING: Unmatched cancel notification for request id 8
2026.05.13 22:39:41 INFO  no build target found for C:\Users\Dell\Documents\CIT_TEST\demo12\Bird.java. Using fallback presentation compiler.
May 13, 2026 10:39:41 PM org.eclipse.lsp4j.jsonrpc.RemoteEndpoint handleCancellation
WARNING: Unmatched cancel notification for request id 12
May 13, 2026 10:39:41 PM org.eclipse.lsp4j.jsonrpc.RemoteEndpoint handleCancellation
WARNING: Unmatched cancel notification for request id 11
May 13, 2026 10:39:41 PM org.eclipse.lsp4j.jsonrpc.RemoteEndpoint handleCancellation
WARNING: Unmatched cancel notification for request id 9
May 13, 2026 10:39:41 PM org.eclipse.lsp4j.jsonrpc.RemoteEndpoint handleCancellation
WARNING: Unmatched cancel notification for request id 10
2026.05.13 22:39:41 INFO  no build target found for C:\Users\Dell\Documents\CIT_TEST\demo12\Bird.java. Using fallback presentation compiler.
2026.05.13 22:39:41 INFO  no build target found for C:\Users\Dell\Documents\CIT_TEST\demo12\Book.java. Using fallback presentation compiler.
2026.05.13 22:39:42 WARN  no build target for: C:\Users\Dell\Documents\CIT_TEST\demo12\Book.java
2026.05.13 22:39:42 INFO  time: code lens generation in 3.27s
2026.05.13 22:39:42 INFO  no build target found for C:\Users\Dell\Documents\CIT_TEST\demo12\Book.java. Using fallback presentation compiler.
May 13, 2026 10:39:42 PM org.eclipse.lsp4j.jsonrpc.RemoteEndpoint handleCancellation
WARNING: Unmatched cancel notification for request id 16
2026.05.13 22:39:41 INFO  no build target found for C:\Users\Dell\Documents\CIT_TEST\demo12\Book.java. Using fallback presentation compiler.
2026.05.13 22:39:41 INFO  no build target found for C:\Users\Dell\Documents\CIT_TEST\demo12\Book.java. Using fallback presentation compiler.
2026.05.13 22:39:43 INFO  no build target found for C:\Users\Dell\Documents\CIT_TEST\demo12\Book.java. Using fallback presentation compiler.
2026.05.13 22:39:43 INFO  no build target found for C:\Users\Dell\Documents\CIT_TEST\demo12\Book.java. Using fallback presentation compiler.
2026.05.13 22:39:43 INFO  no build target found for C:\Users\Dell\Documents\CIT_TEST\demo12\Book.java. Using fallback presentation compiler.
2026.05.13 22:39:43 INFO  no build target found for C:\Users\Dell\Documents\CIT_TEST\demo12\Book.java. Using fallback presentation compiler.
May 13, 2026 10:39:44 PM org.eclipse.lsp4j.jsonrpc.RemoteEndpoint handleCancellation
WARNING: Unmatched cancel notification for request id 25
May 13, 2026 10:39:44 PM org.eclipse.lsp4j.jsonrpc.RemoteEndpoint handleCancellation
WARNING: Unmatched cancel notification for request id 26
May 13, 2026 10:39:44 PM org.eclipse.lsp4j.jsonrpc.RemoteEndpoint handleCancellation
WARNING: Unmatched cancel notification for request id 27
2026.05.13 22:39:43 INFO  no build target found for C:\Users\Dell\Documents\CIT_TEST\demo12\Book.java. Using fallback presentation compiler.
2026.05.13 22:39:45 INFO  no build target found for C:\Users\Dell\Documents\CIT_TEST\demo12\Book.java. Using fallback presentation compiler.
2026.05.13 22:39:51 INFO  no build target found for C:\Users\Dell\Documents\CIT_TEST\demo12\Book.java. Using fallback presentation compiler.
2026.05.13 22:39:52 INFO  no build target found for C:\Users\Dell\Documents\CIT_TEST\demo12\Book.java. Using fallback presentation compiler.
2026.05.13 22:46:11 INFO  no build target found for C:\Users\Dell\Documents\CIT_TEST\demo12\Book.java. Using fallback presentation compiler.
2026.05.13 22:46:11 INFO  no build target found for C:\Users\Dell\Documents\CIT_TEST\demo12\Book.java. Using fallback presentation compiler.
2026.05.13 22:46:16 INFO  no build target found for C:\Users\Dell\Documents\CIT_TEST\demo12\Book.java. Using fallback presentation compiler.
2026.05.13 22:46:16 INFO  no build target found for C:\Users\Dell\Documents\CIT_TEST\demo12\Book.java. Using fallback presentation compiler.
2026.05.13 22:46:19 INFO  no build target found for C:\Users\Dell\Documents\CIT_TEST\demo12\Book.java. Using fallback presentation compiler.
2026.05.13 22:46:20 INFO  no build target found for C:\Users\Dell\Documents\CIT_TEST\demo12\Book.java. Using fallback presentation compiler.
2026.05.13 22:46:20 INFO  no build target found for C:\Users\Dell\Documents\CIT_TEST\demo12\Book.java. Using fallback presentation compiler.
2026.05.13 22:50:00 INFO  no build target found for C:\Users\Dell\Documents\CIT_TEST\demo12\Book.java. Using fallback presentation compiler.
2026.05.13 22:50:01 INFO  no build target found for C:\Users\Dell\Documents\CIT_TEST\demo12\Book.java. Using fallback presentation compiler.
2026.05.13 22:50:01 INFO  no build target found for C:\Users\Dell\Documents\CIT_TEST\demo12\Book.java. Using fallback presentation compiler.
2026.05.13 22:50:01 INFO  no build target found for C:\Users\Dell\Documents\CIT_TEST\demo12\Book.java. Using fallback presentation compiler.
2026.05.13 22:50:05 INFO  no build target found for C:\Users\Dell\Documents\CIT_TEST\demo12\Book.java. Using fallback presentation compiler.
2026.05.13 22:50:05 INFO  no build target found for C:\Users\Dell\Documents\CIT_TEST\demo12\Book.java. Using fallback presentation compiler.
2026.05.13 22:50:07 INFO  no build target found for C:\Users\Dell\Documents\CIT_TEST\demo12\Book.java. Using fallback presentation compiler.
2026.05.13 22:50:07 INFO  no build target found for C:\Users\Dell\Documents\CIT_TEST\demo12\Book.java. Using fallback presentation compiler.
2026.05.13 22:56:21 INFO  no build target found for C:\Users\Dell\Documents\CIT_TEST\demo12\Book.java. Using fallback presentation compiler.
2026.05.13 22:56:22 INFO  no build target found for C:\Users\Dell\Documents\CIT_TEST\demo12\Book.java. Using fallback presentation compiler.
2026.05.13 23:08:17 INFO  no build target found for C:\Users\Dell\Documents\CIT_TEST\demo12\Book.java. Using fallback presentation compiler.
2026.05.13 23:08:17 WARN  no build target for: C:\Users\Dell\Documents\CIT_TEST\demo12\Pet.java
2026.05.13 23:08:17 INFO  no build target found for C:\Users\Dell\Documents\CIT_TEST\demo12\Pet.java. Using fallback presentation compiler.
2026.05.13 23:08:17 INFO  no build target found for C:\Users\Dell\Documents\CIT_TEST\demo12\Pet.java. Using fallback presentation compiler.
2026.05.13 23:08:17 INFO  no build target found for C:\Users\Dell\Documents\CIT_TEST\demo12\Pet.java. Using fallback presentation compiler.
2026.05.13 23:08:17 INFO  no build target found for C:\Users\Dell\Documents\CIT_TEST\demo12\Pet.java. Using fallback presentation compiler.
2026.05.13 23:08:17 INFO  no build target found for C:\Users\Dell\Documents\CIT_TEST\demo12\Pet.java. Using fallback presentation compiler.
2026.05.13 23:08:20 INFO  no build target found for C:\Users\Dell\Documents\CIT_TEST\demo12\Pet.java. Using fallback presentation compiler.
2026.05.13 23:08:20 INFO  no build target found for C:\Users\Dell\Documents\CIT_TEST\demo12\Pet.java. Using fallback presentation compiler.
2026.05.13 23:08:40 INFO  no build target found for C:\Users\Dell\Documents\CIT_TEST\demo12\Pet.java. Using fallback presentation compiler.
2026.05.13 23:08:40 WARN  no build target for: C:\Users\Dell\Documents\CIT_TEST\demo12\Dog.java
2026.05.13 23:08:40 INFO  no build target found for C:\Users\Dell\Documents\CIT_TEST\demo12\Dog.java. Using fallback presentation compiler.
2026.05.13 23:08:40 INFO  no build target found for C:\Users\Dell\Documents\CIT_TEST\demo12\Dog.java. Using fallback presentation compiler.
2026.05.13 23:08:40 INFO  no build target found for C:\Users\Dell\Documents\CIT_TEST\demo12\Dog.java. Using fallback presentation compiler.
2026.05.13 23:08:40 INFO  no build target found for C:\Users\Dell\Documents\CIT_TEST\demo12\Dog.java. Using fallback presentation compiler.
2026.05.13 23:08:41 INFO  no build target found for C:\Users\Dell\Documents\CIT_TEST\demo12\Dog.java. Using fallback presentation compiler.
2026.05.13 23:08:41 INFO  no build target found for C:\Users\Dell\Documents\CIT_TEST\demo12\Dog.java. Using fallback presentation compiler.
2026.05.13 23:08:53 INFO  no build target found for C:\Users\Dell\Documents\CIT_TEST\demo12\Dog.java. Using fallback presentation compiler.
2026.05.13 23:08:53 WARN  no build target for: C:\Users\Dell\Documents\CIT_TEST\demo12\Cat.java
2026.05.13 23:08:53 INFO  no build target found for C:\Users\Dell\Documents\CIT_TEST\demo12\Cat.java. Using fallback presentation compiler.
2026.05.13 23:08:54 INFO  no build target found for C:\Users\Dell\Documents\CIT_TEST\demo12\Cat.java. Using fallback presentation compiler.
2026.05.13 23:08:53 INFO  no build target found for C:\Users\Dell\Documents\CIT_TEST\demo12\Cat.java. Using fallback presentation compiler.
2026.05.13 23:08:54 INFO  no build target found for C:\Users\Dell\Documents\CIT_TEST\demo12\Cat.java. Using fallback presentation compiler.
2026.05.13 23:08:53 INFO  no build target found for C:\Users\Dell\Documents\CIT_TEST\demo12\Cat.java. Using fallback presentation compiler.
2026.05.13 23:08:56 INFO  no build target found for C:\Users\Dell\Documents\CIT_TEST\demo12\Cat.java. Using fallback presentation compiler.
2026.05.13 23:08:56 INFO  no build target found for C:\Users\Dell\Documents\CIT_TEST\demo12\Cat.java. Using fallback presentation compiler.
2026.05.13 23:08:57 INFO  no build target found for C:\Users\Dell\Documents\CIT_TEST\demo12\Cat.java. Using fallback presentation compiler.
2026.05.13 23:08:57 INFO  no build target found for C:\Users\Dell\Documents\CIT_TEST\demo12\Cat.java. Using fallback presentation compiler.
2026.05.13 23:09:02 INFO  no build target found for C:\Users\Dell\Documents\CIT_TEST\demo12\Cat.java. Using fallback presentation compiler.
2026.05.13 23:09:02 INFO  no build target found for C:\Users\Dell\Documents\CIT_TEST\demo12\Cat.java. Using fallback presentation compiler.
2026.05.13 23:09:02 INFO  no build target found for C:\Users\Dell\Documents\CIT_TEST\demo12\Cat.java. Using fallback presentation compiler.
2026.05.13 23:09:03 INFO  no build target found for C:\Users\Dell\Documents\CIT_TEST\demo12\Cat.java. Using fallback presentation compiler.
2026.05.13 23:09:02 INFO  no build target found for C:\Users\Dell\Documents\CIT_TEST\demo12\Cat.java. Using fallback presentation compiler.
2026.05.13 23:09:14 WARN  no build target for: C:\Users\Dell\Documents\CIT_TEST\demo12\Bird.java
2026.05.13 23:09:14 INFO  no build target found for C:\Users\Dell\Documents\CIT_TEST\demo12\Bird.java. Using fallback presentation compiler.
2026.05.13 23:09:14 INFO  no build target found for C:\Users\Dell\Documents\CIT_TEST\demo12\Bird.java. Using fallback presentation compiler.
2026.05.13 23:09:14 INFO  no build target found for C:\Users\Dell\Documents\CIT_TEST\demo12\Bird.java. Using fallback presentation compiler.
2026.05.13 23:09:14 INFO  no build target found for C:\Users\Dell\Documents\CIT_TEST\demo12\Bird.java. Using fallback presentation compiler.
2026.05.13 23:09:15 INFO  no build target found for C:\Users\Dell\Documents\CIT_TEST\demo12\Bird.java. Using fallback presentation compiler.
2026.05.13 23:09:15 INFO  no build target found for C:\Users\Dell\Documents\CIT_TEST\demo12\Bird.java. Using fallback presentation compiler.
2026.05.13 23:09:15 INFO  no build target found for C:\Users\Dell\Documents\CIT_TEST\demo12\Bird.java. Using fallback presentation compiler.
2026.05.13 23:09:16 INFO  no build target found for C:\Users\Dell\Documents\CIT_TEST\demo12\Bird.java. Using fallback presentation compiler.
2026.05.13 23:09:15 INFO  no build target found for C:\Users\Dell\Documents\CIT_TEST\demo12\Bird.java. Using fallback presentation compiler.
2026.05.13 23:09:17 INFO  no build target found for C:\Users\Dell\Documents\CIT_TEST\demo12\Bird.java. Using fallback presentation compiler.
2026.05.13 23:09:17 INFO  no build target found for C:\Users\Dell\Documents\CIT_TEST\demo12\Bird.java. Using fallback presentation compiler.
2026.05.13 23:09:17 INFO  no build target found for C:\Users\Dell\Documents\CIT_TEST\demo12\Bird.java. Using fallback presentation compiler.
2026.05.13 23:09:17 INFO  no build target found for C:\Users\Dell\Documents\CIT_TEST\demo12\Bird.java. Using fallback presentation compiler.
2026.05.13 23:10:11 WARN  no build target for: C:\Users\Dell\Documents\CIT_TEST\demo12\PetFactory.java
2026.05.13 23:10:11 INFO  no build target found for C:\Users\Dell\Documents\CIT_TEST\demo12\PetFactory.java. Using fallback presentation compiler.
2026.05.13 23:10:11 INFO  no build target found for C:\Users\Dell\Documents\CIT_TEST\demo12\PetFactory.java. Using fallback presentation compiler.
2026.05.13 23:10:11 INFO  no build target found for C:\Users\Dell\Documents\CIT_TEST\demo12\PetFactory.java. Using fallback presentation compiler.
2026.05.13 23:10:11 INFO  no build target found for C:\Users\Dell\Documents\CIT_TEST\demo12\PetFactory.java. Using fallback presentation compiler.
2026.05.13 23:10:13 INFO  no build target found for C:\Users\Dell\Documents\CIT_TEST\demo12\PetFactory.java. Using fallback presentation compiler.
2026.05.13 23:10:13 INFO  no build target found for C:\Users\Dell\Documents\CIT_TEST\demo12\PetFactory.java. Using fallback presentation compiler.
2026.05.13 23:11:52 INFO  no build target found for C:\Users\Dell\Documents\CIT_TEST\demo12\PetFactory.java. Using fallback presentation compiler.
2026.05.13 23:11:52 WARN  no build target for: C:\Users\Dell\Documents\CIT_TEST\demo12\Home.java
2026.05.13 23:11:52 INFO  no build target found for C:\Users\Dell\Documents\CIT_TEST\demo12\Home.java. Using fallback presentation compiler.
2026.05.13 23:11:52 INFO  no build target found for C:\Users\Dell\Documents\CIT_TEST\demo12\Home.java. Using fallback presentation compiler.
2026.05.13 23:11:52 INFO  no build target found for C:\Users\Dell\Documents\CIT_TEST\demo12\Home.java. Using fallback presentation compiler.
2026.05.13 23:11:53 INFO  no build target found for C:\Users\Dell\Documents\CIT_TEST\demo12\Home.java. Using fallback presentation compiler.
2026.05.13 23:11:52 INFO  no build target found for C:\Users\Dell\Documents\CIT_TEST\demo12\Home.java. Using fallback presentation compiler.
2026.05.13 23:11:52 INFO  no build target found for C:\Users\Dell\Documents\CIT_TEST\demo12\Home.java. Using fallback presentation compiler.
2026.05.13 23:11:54 INFO  no build target found for C:\Users\Dell\Documents\CIT_TEST\demo12\Home.java. Using fallback presentation compiler.
2026.05.13 23:11:54 INFO  no build target found for C:\Users\Dell\Documents\CIT_TEST\demo12\Home.java. Using fallback presentation compiler.
2026.05.13 23:14:02 INFO  no build target found for C:\Users\Dell\Documents\CIT_TEST\demo12\Home.java. Using fallback presentation compiler.
2026.05.13 23:14:02 WARN  no build target for: C:\Users\Dell\Documents\CIT_TEST\demo12\Student.java
2026.05.13 23:14:02 INFO  no build target found for C:\Users\Dell\Documents\CIT_TEST\demo12\Student.java. Using fallback presentation compiler.
2026.05.13 23:14:02 INFO  no build target found for C:\Users\Dell\Documents\CIT_TEST\demo12\Student.java. Using fallback presentation compiler.
May 13, 2026 11:14:02 PM org.eclipse.lsp4j.jsonrpc.RemoteEndpoint handleCancellation
WARNING: Unmatched cancel notification for request id 176
2026.05.13 23:14:02 INFO  no build target found for C:\Users\Dell\Documents\CIT_TEST\demo12\Student.java. Using fallback presentation compiler.
2026.05.13 23:14:02 INFO  no build target found for C:\Users\Dell\Documents\CIT_TEST\demo12\Student.java. Using fallback presentation compiler.
2026.05.13 23:14:02 INFO  no build target found for C:\Users\Dell\Documents\CIT_TEST\demo12\Student.java. Using fallback presentation compiler.
2026.05.13 23:14:03 INFO  no build target found for C:\Users\Dell\Documents\CIT_TEST\demo12\Student.java. Using fallback presentation compiler.
2026.05.13 23:14:03 INFO  no build target found for C:\Users\Dell\Documents\CIT_TEST\demo12\Student.java. Using fallback presentation compiler.
2026.05.13 23:14:03 INFO  no build target found for C:\Users\Dell\Documents\CIT_TEST\demo12\Student.java. Using fallback presentation compiler.
2026.05.13 23:14:03 INFO  no build target found for C:\Users\Dell\Documents\CIT_TEST\demo12\Student.java. Using fallback presentation compiler.
2026.05.13 23:14:03 INFO  no build target found for C:\Users\Dell\Documents\CIT_TEST\demo12\Student.java. Using fallback presentation compiler.
2026.05.13 23:14:04 INFO  no build target found for C:\Users\Dell\Documents\CIT_TEST\demo12\Student.java. Using fallback presentation compiler.
2026.05.13 23:14:17 INFO  no build target found for C:\Users\Dell\Documents\CIT_TEST\demo12\Student.java. Using fallback presentation compiler.
2026.05.13 23:14:18 INFO  no build target found for C:\Users\Dell\Documents\CIT_TEST\demo12\Student.java. Using fallback presentation compiler.
2026.05.13 23:14:18 WARN  no build target for: C:\Users\Dell\Documents\CIT_TEST\demo12\UndergraduateStudent.java
2026.05.13 23:14:18 INFO  no build target found for C:\Users\Dell\Documents\CIT_TEST\demo12\UndergraduateStudent.java. Using fallback presentation compiler.
2026.05.13 23:14:18 INFO  no build target found for C:\Users\Dell\Documents\CIT_TEST\demo12\UndergraduateStudent.java. Using fallback presentation compiler.
2026.05.13 23:14:18 INFO  no build target found for C:\Users\Dell\Documents\CIT_TEST\demo12\UndergraduateStudent.java. Using fallback presentation compiler.
2026.05.13 23:14:19 INFO  no build target found for C:\Users\Dell\Documents\CIT_TEST\demo12\UndergraduateStudent.java. Using fallback presentation compiler.
2026.05.13 23:14:18 INFO  no build target found for C:\Users\Dell\Documents\CIT_TEST\demo12\UndergraduateStudent.java. Using fallback presentation compiler.
2026.05.13 23:14:18 INFO  no build target found for C:\Users\Dell\Documents\CIT_TEST\demo12\UndergraduateStudent.java. Using fallback presentation compiler.
2026.05.13 23:14:19 INFO  no build target found for C:\Users\Dell\Documents\CIT_TEST\demo12\UndergraduateStudent.java. Using fallback presentation compiler.
2026.05.13 23:14:20 INFO  no build target found for C:\Users\Dell\Documents\CIT_TEST\demo12\UndergraduateStudent.java. Using fallback presentation compiler.
2026.05.13 23:14:20 INFO  no build target found for C:\Users\Dell\Documents\CIT_TEST\demo12\UndergraduateStudent.java. Using fallback presentation compiler.
2026.05.13 23:14:32 INFO  no build target found for C:\Users\Dell\Documents\CIT_TEST\demo12\UndergraduateStudent.java. Using fallback presentation compiler.
2026.05.13 23:14:35 INFO  no build target found for C:\Users\Dell\Documents\CIT_TEST\demo12\UndergraduateStudent.java. Using fallback presentation compiler.
2026.05.13 23:14:35 WARN  no build target for: C:\Users\Dell\Documents\CIT_TEST\demo12\GraduateStudent.java
2026.05.13 23:14:35 INFO  no build target found for C:\Users\Dell\Documents\CIT_TEST\demo12\GraduateStudent.java. Using fallback presentation compiler.
2026.05.13 23:14:35 INFO  no build target found for C:\Users\Dell\Documents\CIT_TEST\demo12\GraduateStudent.java. Using fallback presentation compiler.
2026.05.13 23:14:35 INFO  no build target found for C:\Users\Dell\Documents\CIT_TEST\demo12\GraduateStudent.java. Using fallback presentation compiler.
2026.05.13 23:14:36 INFO  no build target found for C:\Users\Dell\Documents\CIT_TEST\demo12\GraduateStudent.java. Using fallback presentation compiler.
2026.05.13 23:14:35 INFO  no build target found for C:\Users\Dell\Documents\CIT_TEST\demo12\GraduateStudent.java. Using fallback presentation compiler.
2026.05.13 23:14:41 INFO  no build target found for C:\Users\Dell\Documents\CIT_TEST\demo12\GraduateStudent.java. Using fallback presentation compiler.
2026.05.13 23:14:41 WARN  no build target for: C:\Users\Dell\Documents\CIT_TEST\demo12\UndergraduateStudent.java
2026.05.13 23:14:41 INFO  no build target found for C:\Users\Dell\Documents\CIT_TEST\demo12\UndergraduateStudent.java. Using fallback presentation compiler.
2026.05.13 23:14:41 INFO  no build target found for C:\Users\Dell\Documents\CIT_TEST\demo12\UndergraduateStudent.java. Using fallback presentation compiler.
2026.05.13 23:14:41 INFO  no build target found for C:\Users\Dell\Documents\CIT_TEST\demo12\UndergraduateStudent.java. Using fallback presentation compiler.
2026.05.13 23:14:41 INFO  no build target found for C:\Users\Dell\Documents\CIT_TEST\demo12\UndergraduateStudent.java. Using fallback presentation compiler.
2026.05.13 23:14:41 INFO  no build target found for C:\Users\Dell\Documents\CIT_TEST\demo12\UndergraduateStudent.java. Using fallback presentation compiler.
2026.05.13 23:14:41 INFO  no build target found for C:\Users\Dell\Documents\CIT_TEST\demo12\UndergraduateStudent.java. Using fallback presentation compiler.
2026.05.13 23:14:41 INFO  no build target found for C:\Users\Dell\Documents\CIT_TEST\demo12\UndergraduateStudent.java. Using fallback presentation compiler.
2026.05.13 23:14:43 INFO  no build target found for C:\Users\Dell\Documents\CIT_TEST\demo12\UndergraduateStudent.java. Using fallback presentation compiler.
2026.05.13 23:14:43 WARN  no build target for: C:\Users\Dell\Documents\CIT_TEST\demo12\School.java
2026.05.13 23:14:43 INFO  no build target found for C:\Users\Dell\Documents\CIT_TEST\demo12\School.java. Using fallback presentation compiler.
2026.05.13 23:14:43 INFO  no build target found for C:\Users\Dell\Documents\CIT_TEST\demo12\School.java. Using fallback presentation compiler.
2026.05.13 23:14:43 INFO  no build target found for C:\Users\Dell\Documents\CIT_TEST\demo12\School.java. Using fallback presentation compiler.
2026.05.13 23:14:43 INFO  no build target found for C:\Users\Dell\Documents\CIT_TEST\demo12\School.java. Using fallback presentation compiler.
2026.05.13 23:14:43 INFO  no build target found for C:\Users\Dell\Documents\CIT_TEST\demo12\School.java. Using fallback presentation compiler.
2026.05.13 23:14:43 INFO  no build target found for C:\Users\Dell\Documents\CIT_TEST\demo12\School.java. Using fallback presentation compiler.
2026.05.13 23:14:46 INFO  no build target found for C:\Users\Dell\Documents\CIT_TEST\demo12\School.java. Using fallback presentation compiler.
2026.05.13 23:14:46 INFO  no build target found for C:\Users\Dell\Documents\CIT_TEST\demo12\School.java. Using fallback presentation compiler.
2026.05.13 23:14:50 INFO  no build target found for C:\Users\Dell\Documents\CIT_TEST\demo12\School.java. Using fallback presentation compiler.
2026.05.13 23:14:50 WARN  no build target for: C:\Users\Dell\Documents\CIT_TEST\demo12\GraduateStudent.java
2026.05.13 23:14:50 INFO  no build target found for C:\Users\Dell\Documents\CIT_TEST\demo12\GraduateStudent.java. Using fallback presentation compiler.
2026.05.13 23:14:50 INFO  no build target found for C:\Users\Dell\Documents\CIT_TEST\demo12\GraduateStudent.java. Using fallback presentation compiler.
2026.05.13 23:14:50 INFO  no build target found for C:\Users\Dell\Documents\CIT_TEST\demo12\GraduateStudent.java. Using fallback presentation compiler.
2026.05.13 23:14:50 INFO  no build target found for C:\Users\Dell\Documents\CIT_TEST\demo12\GraduateStudent.java. Using fallback presentation compiler.
2026.05.13 23:14:50 INFO  no build target found for C:\Users\Dell\Documents\CIT_TEST\demo12\GraduateStudent.java. Using fallback presentation compiler.
2026.05.13 23:14:51 INFO  no build target found for C:\Users\Dell\Documents\CIT_TEST\demo12\GraduateStudent.java. Using fallback presentation compiler.
2026.05.13 23:14:53 INFO  no build target found for C:\Users\Dell\Documents\CIT_TEST\demo12\GraduateStudent.java. Using fallback presentation compiler.
2026.05.13 23:14:54 INFO  no build target found for C:\Users\Dell\Documents\CIT_TEST\demo12\GraduateStudent.java. Using fallback presentation compiler.
2026.05.13 23:14:54 INFO  no build target found for C:\Users\Dell\Documents\CIT_TEST\demo12\GraduateStudent.java. Using fallback presentation compiler.
2026.05.13 23:15:13 INFO  no build target found for C:\Users\Dell\Documents\CIT_TEST\demo12\GraduateStudent.java. Using fallback presentation compiler.
2026.05.13 23:15:13 WARN  no build target for: C:\Users\Dell\Documents\CIT_TEST\demo12\SimpleFactory.java
2026.05.13 23:15:13 INFO  no build target found for C:\Users\Dell\Documents\CIT_TEST\demo12\SimpleFactory.java. Using fallback presentation compiler.
2026.05.13 23:15:13 INFO  no build target found for C:\Users\Dell\Documents\CIT_TEST\demo12\SimpleFactory.java. Using fallback presentation compiler.
2026.05.13 23:15:13 INFO  no build target found for C:\Users\Dell\Documents\CIT_TEST\demo12\SimpleFactory.java. Using fallback presentation compiler.
2026.05.13 23:15:14 INFO  no build target found for C:\Users\Dell\Documents\CIT_TEST\demo12\SimpleFactory.java. Using fallback presentation compiler.
2026.05.13 23:15:13 INFO  no build target found for C:\Users\Dell\Documents\CIT_TEST\demo12\SimpleFactory.java. Using fallback presentation compiler.
2026.05.13 23:15:13 WARN  no build target for: C:\Users\Dell\Documents\CIT_TEST\demo12\School.java
2026.05.13 23:15:13 INFO  no build target found for C:\Users\Dell\Documents\CIT_TEST\demo12\School.java. Using fallback presentation compiler.
2026.05.13 23:15:14 INFO  no build target found for C:\Users\Dell\Documents\CIT_TEST\demo12\School.java. Using fallback presentation compiler.
2026.05.13 23:15:13 INFO  no build target found for C:\Users\Dell\Documents\CIT_TEST\demo12\School.java. Using fallback presentation compiler.
2026.05.13 23:15:14 INFO  no build target found for C:\Users\Dell\Documents\CIT_TEST\demo12\School.java. Using fallback presentation compiler.
2026.05.13 23:15:15 INFO  no build target found for C:\Users\Dell\Documents\CIT_TEST\demo12\School.java. Using fallback presentation compiler.
2026.05.13 23:15:14 INFO  no build target found for C:\Users\Dell\Documents\CIT_TEST\demo12\School.java. Using fallback presentation compiler.
2026.05.13 23:15:16 INFO  no build target found for C:\Users\Dell\Documents\CIT_TEST\demo12\School.java. Using fallback presentation compiler.
2026.05.13 23:15:16 INFO  no build target found for C:\Users\Dell\Documents\CIT_TEST\demo12\School.java. Using fallback presentation compiler.
2026.05.13 23:15:18 INFO  no build target found for C:\Users\Dell\Documents\CIT_TEST\demo12\School.java. Using fallback presentation compiler.
2026.05.13 23:15:18 INFO  no build target found for C:\Users\Dell\Documents\CIT_TEST\demo12\School.java. Using fallback presentation compiler.
2026.05.13 23:15:18 INFO  no build target found for C:\Users\Dell\Documents\CIT_TEST\demo12\School.java. Using fallback presentation compiler.
2026.05.13 23:15:18 INFO  no build target found for C:\Users\Dell\Documents\CIT_TEST\demo12\School.java. Using fallback presentation compiler.
2026.05.13 23:15:18 INFO  no build target found for C:\Users\Dell\Documents\CIT_TEST\demo12\School.java. Using fallback presentation compiler.
2026.05.13 23:15:20 INFO  no build target found for C:\Users\Dell\Documents\CIT_TEST\demo12\School.java. Using fallback presentation compiler.
2026.05.13 23:15:20 INFO  no build target found for C:\Users\Dell\Documents\CIT_TEST\demo12\School.java. Using fallback presentation compiler.
2026.05.13 23:15:20 INFO  no build target found for C:\Users\Dell\Documents\CIT_TEST\demo12\School.java. Using fallback presentation compiler.
2026.05.13 23:15:20 INFO  no build target found for C:\Users\Dell\Documents\CIT_TEST\demo12\School.java. Using fallback presentation compiler.
2026.05.13 23:15:20 INFO  no build target found for C:\Users\Dell\Documents\CIT_TEST\demo12\School.java. Using fallback presentation compiler.
2026.05.13 23:17:02 INFO  no build target found for C:\Users\Dell\Documents\CIT_TEST\demo12\School.java. Using fallback presentation compiler.
2026.05.13 23:17:02 INFO  no build target found for C:\Users\Dell\Documents\CIT_TEST\demo12\School.java. Using fallback presentation compiler.
2026.05.13 23:17:05 INFO  no build target found for C:\Users\Dell\Documents\CIT_TEST\demo12\Bird.java. Using fallback presentation compiler.
2026.05.13 23:17:05 WARN  no build target for: C:\Users\Dell\Documents\CIT_TEST\demo12\Bird.java
2026.05.13 23:17:05 INFO  no build target found for C:\Users\Dell\Documents\CIT_TEST\demo12\Bird.java. Using fallback presentation compiler.
2026.05.13 23:17:05 INFO  no build target found for C:\Users\Dell\Documents\CIT_TEST\demo12\Bird.java. Using fallback presentation compiler.
2026.05.13 23:17:05 INFO  no build target found for C:\Users\Dell\Documents\CIT_TEST\demo12\Bird.java. Using fallback presentation compiler.
2026.05.13 23:17:05 INFO  no build target found for C:\Users\Dell\Documents\CIT_TEST\demo12\Bird.java. Using fallback presentation compiler.
2026.05.13 23:17:06 INFO  no build target found for C:\Users\Dell\Documents\CIT_TEST\demo12\Bird.java. Using fallback presentation compiler.
2026.05.13 23:17:06 INFO  no build target found for C:\Users\Dell\Documents\CIT_TEST\demo12\Bird.java. Using fallback presentation compiler.
2026.05.13 23:17:09 WARN  no build target for: C:\Users\Dell\Documents\CIT_TEST\demo12\Bird.java
2026.05.13 23:17:09 INFO  no build target found for C:\Users\Dell\Documents\CIT_TEST\demo12\Bird.java. Using fallback presentation compiler.
2026.05.13 23:17:12 WARN  no build target for: C:\Users\Dell\Documents\CIT_TEST\demo12\Bird.java
2026.05.13 23:17:12 INFO  no build target found for C:\Users\Dell\Documents\CIT_TEST\demo12\Bird.java. Using fallback presentation compiler.
2026.05.13 23:17:21 INFO  no build target found for C:\Users\Dell\Documents\CIT_TEST\demo12\Cat.java. Using fallback presentation compiler.
2026.05.13 23:17:21 WARN  no build target for: C:\Users\Dell\Documents\CIT_TEST\demo12\Cat.java
2026.05.13 23:17:21 INFO  no build target found for C:\Users\Dell\Documents\CIT_TEST\demo12\Cat.java. Using fallback presentation compiler.
2026.05.13 23:17:21 INFO  no build target found for C:\Users\Dell\Documents\CIT_TEST\demo12\Cat.java. Using fallback presentation compiler.
2026.05.13 23:17:21 INFO  no build target found for C:\Users\Dell\Documents\CIT_TEST\demo12\Cat.java. Using fallback presentation compiler.
2026.05.13 23:17:21 INFO  no build target found for C:\Users\Dell\Documents\CIT_TEST\demo12\Cat.java. Using fallback presentation compiler.
2026.05.13 23:17:23 INFO  no build target found for C:\Users\Dell\Documents\CIT_TEST\demo12\Cat.java. Using fallback presentation compiler.
2026.05.13 23:17:23 INFO  no build target found for C:\Users\Dell\Documents\CIT_TEST\demo12\Cat.java. Using fallback presentation compiler.
May 13, 2026 11:17:32 PM org.eclipse.lsp4j.jsonrpc.RemoteEndpoint handleNotification
WARNING: Notification threw an exception: {
  "jsonrpc": "2.0",
  "method": "metals/didFocusTextDocument",
  "params": [
    "class:/c%3A/Users/Dell/Documents/CIT_TEST/demo/git_test/target/test-classes/com/example/AppTest.class"
  ]
}
java.nio.file.FileSystemNotFoundException: Provider "class" not installed
	at java.base/java.nio.file.Path.of(Path.java:213)
	at java.base/java.nio.file.Paths.get(Paths.java:98)
	at scala.meta.internal.mtags.MtagsEnrichments$XtensionURIMtags.toAbsolutePath(MtagsEnrichments.scala:149)
	at scala.meta.internal.mtags.MtagsEnrichments$XtensionStringMtags.toAbsolutePath(MtagsEnrichments.scala:209)
	at scala.meta.internal.metals.MetalsEnrichments$XtensionString.toAbsolutePath(MetalsEnrichments.scala:787)
	at scala.meta.internal.metals.MetalsEnrichments$XtensionString.toAbsolutePath(MetalsEnrichments.scala:784)
	at scala.meta.internal.metals.WorkspaceLspService.didFocus(WorkspaceLspService.scala:808)
	at scala.meta.metals.lsp.DelegatingScalaService.didFocus(DelegatingScalaService.scala:42)
	at java.base/jdk.internal.reflect.DirectMethodHandleAccessor.invoke(DirectMethodHandleAccessor.java:103)
	at java.base/java.lang.reflect.Method.invoke(Method.java:580)
	at org.eclipse.lsp4j.jsonrpc.services.GenericEndpoint.lambda$recursiveFindRpcMethods$0(GenericEndpoint.java:65)
	at org.eclipse.lsp4j.jsonrpc.services.GenericEndpoint.notify(GenericEndpoint.java:160)
	at org.eclipse.lsp4j.jsonrpc.RemoteEndpoint.handleNotification(RemoteEndpoint.java:225)
	at org.eclipse.lsp4j.jsonrpc.RemoteEndpoint.consume(RemoteEndpoint.java:192)
	at org.eclipse.lsp4j.jsonrpc.json.StreamMessageProducer.handleMessage(StreamMessageProducer.java:189)
	at org.eclipse.lsp4j.jsonrpc.json.StreamMessageProducer.listen(StreamMessageProducer.java:97)
	at org.eclipse.lsp4j.jsonrpc.json.ConcurrentMessageProcessor.run(ConcurrentMessageProcessor.java:97)
	at java.base/java.util.concurrent.Executors$RunnableAdapter.call(Executors.java:572)
	at java.base/java.util.concurrent.FutureTask.run(FutureTask.java:317)
	at java.base/java.util.concurrent.ThreadPoolExecutor.runWorker(ThreadPoolExecutor.java:1144)
	at java.base/java.util.concurrent.ThreadPoolExecutor$Worker.run(ThreadPoolExecutor.java:642)
	at java.base/java.lang.Thread.run(Thread.java:1583)

2026.05.13 23:17:33 INFO  no build target found for C:\Users\Dell\Documents\CIT_TEST\demo12\Bird.java. Using fallback presentation compiler.
2026.05.13 23:17:33 WARN  no build target for: C:\Users\Dell\Documents\CIT_TEST\demo12\Bird.java
2026.05.13 23:17:33 INFO  no build target found for C:\Users\Dell\Documents\CIT_TEST\demo12\Bird.java. Using fallback presentation compiler.
2026.05.13 23:17:34 WARN  no build target for: C:\Users\Dell\Documents\CIT_TEST\demo12\Dog.java
2026.05.13 23:17:34 INFO  no build target found for C:\Users\Dell\Documents\CIT_TEST\demo12\Dog.java. Using fallback presentation compiler.
2026.05.13 23:17:34 INFO  no build target found for C:\Users\Dell\Documents\CIT_TEST\demo12\Dog.java. Using fallback presentation compiler.
2026.05.13 23:17:34 INFO  no build target found for C:\Users\Dell\Documents\CIT_TEST\demo12\Dog.java. Using fallback presentation compiler.
2026.05.13 23:17:36 INFO  no build target found for C:\Users\Dell\Documents\CIT_TEST\demo12\Cat.java. Using fallback presentation compiler.
2026.05.13 23:17:36 WARN  no build target for: C:\Users\Dell\Documents\CIT_TEST\demo12\Cat.java
2026.05.13 23:17:36 INFO  no build target found for C:\Users\Dell\Documents\CIT_TEST\demo12\Cat.java. Using fallback presentation compiler.
2026.05.13 23:17:36 INFO  no build target found for C:\Users\Dell\Documents\CIT_TEST\demo12\Cat.java. Using fallback presentation compiler.
2026.05.13 23:17:36 INFO  no build target found for C:\Users\Dell\Documents\CIT_TEST\demo12\Cat.java. Using fallback presentation compiler.
2026.05.13 23:17:36 INFO  no build target found for C:\Users\Dell\Documents\CIT_TEST\demo12\Cat.java. Using fallback presentation compiler.
2026.05.13 23:35:19 INFO  no build target found for C:\Users\Dell\Documents\CIT_TEST\demo12\Cat.java. Using fallback presentation compiler.
2026.05.13 23:35:24 INFO  no build target found for C:\Users\Dell\Documents\CIT_TEST\demo12\Cat.java. Using fallback presentation compiler.
